<?xml version="1.0" encoding="UTF-8"?>
<testsuite xmlns:xsi="http://www.w3.org/2001/XMLSchema-instance" xsi:schemaLocation="https://maven.apache.org/surefire/maven-surefire-plugin/xsd/surefire-test-report.xsd" name="com.blibli.future.training.DefinitionTestSuite" time="37.167" tests="2" errors="0" skipped="0" failures="0">
  <properties>
[...]
</properties>
  <testcase name="Looking up the definition of &apos;apple&apos;" classname="Lookup a definition" time="19.705"/>
  <testcase name="Looking up the definition of &apos;pear&apos;" classname="Lookup a definition" time="12.588"/>
</testsuite>